C51 COMPILER V9.52.0.0   IAP_RBGTRIM                                                       01/19/2017 13:09:45 PAGE 1   


C51 COMPILER V9.52.0.0, COMPILATION OF MODULE IAP_RBGTRIM
OBJECT MODULE PLACED IN .\Output\IAP_RBGtrim.obj
COMPILER INVOKED BY: C:\Keil\C51\BIN\C51.EXE Code\IAP_RBGtrim.C BROWSE INCDIR(..\..\Common;..\..\Include) DEFINE(FOSC_16
                    -0000) DEBUG OBJECTEXTEND PRINT(.\List\IAP_RBGtrim.lst) TABS(2) OBJECT(.\Output\IAP_RBGtrim.obj)

line level    source

   1          /*--------------------------------------------------------------------------------------------------------
             --*/
   2          /*                                                                                                        
             - */
   3          /* Copyright(c) 2015 Nuvoton Technology Corp. All rights reserved.                                        
             - */
   4          /*                                                                                                        
             - */
   5          /*--------------------------------------------------------------------------------------------------------
             --*/
   6          
   7          //********************************************************************************************************
             -***
   8          //  Nuvoton Technoledge Corp. 
   9          //  Website: http://www.nuvoton.com
  10          //  E-Mail : MicroC-8bit@nuvoton.com
  11          //  Date   : Apr/21/2016
  12          //********************************************************************************************************
             -***
  13          
  14          //********************************************************************************************************
             -***
  15          //  File Function: N76E003 Read actual bandgap value by IAP command
  16          //********************************************************************************************************
             -***
  17          #include "N76E003.h"
  18          #include "Common.h"
  19          #include "Delay.h"
  20          #include "SFR_Macro.h"
  21          #include "Function_define.h"
  22          
  23          double  Bandgap_Value,Bandgap_Voltage;      //please always use "double" mode for this
  24          UINT8 BandgapHigh,BandgapLow;
  25              
  26          void READ_BANDGAP()
  27          {
  28   1      
  29   1          set_IAPEN;
  30   1          IAPAL = 0x0C;
  31   1          IAPAH = 0x00;
  32   1          IAPCN = READ_UID;
  33   1          set_IAPGO;
  34   1          BandgapHigh = IAPFD;
  35   1          IAPAL = 0x0d;
  36   1          IAPAH = 0x00;
  37   1          IAPCN = READ_UID;
  38   1          set_IAPGO;
  39   1          BandgapLow = IAPFD;
  40   1          BandgapLow = BandgapLow&0x0F;
  41   1          clr_IAPEN;
  42   1          Bandgap_Value = (BandgapHigh<<4)+BandgapLow;
  43   1          Bandgap_Voltage = 3072/(0x0fff/Bandgap_Value);
  44   1      }
  45          
C51 COMPILER V9.52.0.0   IAP_RBGTRIM                                                       01/19/2017 13:09:45 PAGE 2   

  46          void main(void)
  47          {
  48   1        InitialUART0_Timer3(115200);
  49   1        READ_BANDGAP();
  50   1        printf ("\n Bandgap voltage = %e", Bandgap_Voltage); 
  51   1        printf ("\n Bandgap SFR  = 0x%bx", BandgapHigh);
  52   1        printf ("\n Bandgap SFR  = 0x%bx", BandgapLow);
  53   1        while(1);
  54   1      }


MODULE INFORMATION:   STATIC OVERLAYABLE
   CODE SIZE        =    236    ----
   CONSTANT SIZE    =     46    ----
   XDATA SIZE       =   ----    ----
   PDATA SIZE       =   ----    ----
   DATA SIZE        =     10    ----
   IDATA SIZE       =   ----    ----
   BIT SIZE         =   ----    ----
END OF MODULE INFORMATION.


C51 COMPILATION COMPLETE.  0 WARNING(S),  0 ERROR(S)
